2024-08-27 14:29:01,756 [Worker-5: Loading available Gradle versions] INFO  o.e.b.c.i.u.g.PublishedGradleVersions - Gradle version information cache is up-to-date. Trying to read.
2024-08-27 14:32:18,643 [Worker-4: Loading available Gradle versions] INFO  o.e.b.c.i.u.g.PublishedGradleVersions - Gradle version information cache is up-to-date. Trying to read.
2024-08-27 14:34:28,748 [Worker-4: Loading available Gradle versions] INFO  o.e.b.c.i.u.g.PublishedGradleVersions - Gradle version information cache is up-to-date. Trying to read.
2024-08-27 14:34:53,218 [Start Help Server] INFO  org.eclipse.jetty.server.Server - jetty-12.0.9; built: 2024-05-03T13:03:17.262Z; git: efe8023327e67287f9bfd006700e6a71d45b5dd6; jvm 21.0.4+7-LTS
2024-08-27 14:34:53,266 [Start Help Server] INFO  o.e.j.server.handler.ContextHandler - Started oeje8n.ContextHandler$CoreContextHandler@288a7d79{/help,/help,b=null,a=AVAILABLE,h=oeje8n.ContextHandler$CoreContextHandler$CoreToNestedHandler@49fce336{STARTED}}
2024-08-27 14:34:53,267 [Start Help Server] INFO  o.e.j.s.DefaultSessionIdManager - Session workerName=node0
2024-08-27 14:34:53,282 [Start Help Server] INFO  o.e.jetty.server.AbstractConnector - Started ServerConnector@530b93f5{HTTP/1.1, (http/1.1)}{127.0.0.1:61876}
2024-08-27 14:34:53,301 [Start Help Server] INFO  org.eclipse.jetty.server.Server - Started oejs.Server@41d4bd29{STARTING}[12.0.9,sto=0] @37551ms
2024-08-27 14:34:53,797 [qtp2062459434-89] INFO  o.e.j.e.nested.ContextHandler._help - Warning: No org.apache.tomcat.JarScanner set in ServletContext. Falling back to default JarScanner implementation.
2024-08-27 14:34:54,341 [qtp2062459434-89] INFO  o.e.j.e.nested.ContextHandler._help - Warning: No org.apache.tomcat.JarScanner set in ServletContext. Falling back to default JarScanner implementation.
2024-08-27 14:35:50,344 [main] INFO  org.eclipse.jetty.server.Server - jetty-12.0.9; built: 2024-05-03T13:03:17.262Z; git: efe8023327e67287f9bfd006700e6a71d45b5dd6; jvm 21.0.4+7-LTS
2024-08-27 14:35:50,348 [main] INFO  o.e.j.server.handler.ContextHandler - Started oeje8n.ContextHandler$CoreContextHandler@8e51ef8{ROOT,/,b=null,a=AVAILABLE,h=oeje8n.ContextHandler$CoreContextHandler$CoreToNestedHandler@6d4e4e0c{STARTED}}
2024-08-27 14:35:50,349 [main] INFO  o.e.j.s.DefaultSessionIdManager - Session workerName=node0
2024-08-27 14:35:50,352 [main] INFO  o.e.jetty.server.AbstractConnector - Started ServerConnector@41e67819{HTTP/1.1, (http/1.1)}{localhost:61884}
2024-08-27 14:35:50,353 [main] INFO  org.eclipse.jetty.server.Server - Started oejs.Server@4b5ca45b{STARTING}[12.0.9,sto=0] @94604ms
2024-08-27 14:35:50,398 [main] INFO  org.eclipse.jetty.server.Server - jetty-12.0.9; built: 2024-05-03T13:03:17.262Z; git: efe8023327e67287f9bfd006700e6a71d45b5dd6; jvm 21.0.4+7-LTS
2024-08-27 14:35:50,402 [main] INFO  o.e.j.server.handler.ContextHandler - Started oeje8n.ContextHandler$CoreContextHandler@2d532099{ROOT,/,b=null,a=AVAILABLE,h=oeje8n.ContextHandler$CoreContextHandler$CoreToNestedHandler@463aa3da{STARTED}}
2024-08-27 14:35:50,402 [main] INFO  o.e.j.s.DefaultSessionIdManager - Session workerName=node0
2024-08-27 14:35:50,406 [main] INFO  o.e.jetty.server.AbstractConnector - Started ServerConnector@4cda59e6{HTTP/1.1, (http/1.1)}{localhost:61885}
2024-08-27 14:35:50,407 [main] INFO  org.eclipse.jetty.server.Server - Started oejs.Server@55f20d7e{STARTING}[12.0.9,sto=0] @94657ms
2024-08-27 14:35:52,181 [main] INFO  org.eclipse.jetty.server.Server - Stopped oejs.Server@4b5ca45b{STOPPING}[12.0.9,sto=0]
2024-08-27 14:35:52,183 [main] INFO  o.e.jetty.server.AbstractConnector - Stopped ServerConnector@41e67819{HTTP/1.1, (http/1.1)}{localhost:0}
2024-08-27 14:35:52,192 [main] INFO  org.eclipse.jetty.server.Server - Stopped oejs.Server@55f20d7e{STOPPING}[12.0.9,sto=0]
2024-08-27 14:35:52,193 [main] INFO  o.e.jetty.server.AbstractConnector - Stopped ServerConnector@4cda59e6{HTTP/1.1, (http/1.1)}{localhost:0}
2024-08-27 15:05:05,301 [Stop Help Server] INFO  org.eclipse.jetty.server.Server - Stopped oejs.Server@41d4bd29{STOPPING}[12.0.9,sto=0]
2024-08-27 15:05:05,303 [Stop Help Server] INFO  o.e.jetty.server.AbstractConnector - Stopped ServerConnector@530b93f5{HTTP/1.1, (http/1.1)}{127.0.0.1:0}
2024-09-05 12:52:05,081 [Worker-4: Loading available Gradle versions] INFO  o.e.b.c.i.u.g.PublishedGradleVersions - Gradle version information cache is out-of-date. Trying to update.
2024-09-05 14:35:34,302 [Worker-5: Loading available Gradle versions] INFO  o.e.b.c.i.u.g.PublishedGradleVersions - Gradle version information cache is up-to-date. Trying to read.
2024-10-18 12:01:32,386 [Worker-5: Loading available Gradle versions] INFO  o.e.b.c.i.u.g.PublishedGradleVersions - Gradle version information cache is out-of-date. Trying to update.
2024-10-18 12:44:42,147 [Worker-4: Loading available Gradle versions] INFO  o.e.b.c.i.u.g.PublishedGradleVersions - Gradle version information cache is up-to-date. Trying to read.
2024-10-20 18:40:33,321 [Worker-4: Loading available Gradle versions] INFO  o.e.b.c.i.u.g.PublishedGradleVersions - Gradle version information cache is out-of-date. Trying to update.
2024-10-20 19:14:56,209 [Worker-2: Loading available Gradle versions] INFO  o.e.b.c.i.u.g.PublishedGradleVersions - Gradle version information cache is up-to-date. Trying to read.
2024-10-20 21:08:01,338 [Worker-4: Loading available Gradle versions] INFO  o.e.b.c.i.u.g.PublishedGradleVersions - Gradle version information cache is up-to-date. Trying to read.
2024-10-20 21:22:47,954 [Worker-2: Loading available Gradle versions] INFO  o.e.b.c.i.u.g.PublishedGradleVersions - Gradle version information cache is up-to-date. Trying to read.
2024-10-20 21:34:10,420 [Worker-1: Loading available Gradle versions] INFO  o.e.b.c.i.u.g.PublishedGradleVersions - Gradle version information cache is up-to-date. Trying to read.
2024-10-20 21:38:43,640 [Worker-5: Loading available Gradle versions] INFO  o.e.b.c.i.u.g.PublishedGradleVersions - Gradle version information cache is up-to-date. Trying to read.
2024-10-20 21:50:12,110 [Worker-1: Loading available Gradle versions] INFO  o.e.b.c.i.u.g.PublishedGradleVersions - Gradle version information cache is up-to-date. Trying to read.
2024-10-20 21:57:36,972 [Worker-2: Loading available Gradle versions] INFO  o.e.b.c.i.u.g.PublishedGradleVersions - Gradle version information cache is up-to-date. Trying to read.
2024-10-20 22:07:03,279 [Worker-4: Loading available Gradle versions] INFO  o.e.b.c.i.u.g.PublishedGradleVersions - Gradle version information cache is up-to-date. Trying to read.
2024-10-20 22:12:28,857 [Worker-1: Loading available Gradle versions] INFO  o.e.b.c.i.u.g.PublishedGradleVersions - Gradle version information cache is up-to-date. Trying to read.
